[15:07:37] [ServerMain/INFO]: Environment: Environment[sessionHost=https://sessionserver.mojang.com, servicesHost=https://api.minecraftservices.com, name=PROD]
[15:07:38] [ServerMain/INFO]: No existing world data, creating new world
[15:07:39] [ServerMain/INFO]: Loaded 1337 recipes
[15:07:39] [ServerMain/INFO]: Loaded 1448 advancements
[15:07:39] [Server thread/INFO]: Starting minecraft server version 1.21.3
[15:07:39] [Server thread/INFO]: Loading properties
[15:07:39] [Server thread/INFO]: Default game type: SURVIVAL
[15:07:39] [Server thread/INFO]: Generating keypair
[15:07:39] [Server thread/INFO]: Starting Minecraft server on *:25565
[15:07:39] [Server thread/INFO]: Using epoll channel type
[15:07:39] [Server thread/WARN]: **** SERVER IS RUNNING IN OFFLINE/INSECURE MODE!
[15:07:39] [Server thread/WARN]: The server will make no attempt to authenticate usernames. Beware.
[15:07:39] [Server thread/WARN]: While this makes the game possible to play without internet access, it also opens up the ability for hackers to connect with any username they choose.
[15:07:39] [Server thread/WARN]: To change this, set "online-mode" to "true" in the server.properties file.
[15:07:39] [Server thread/INFO]: Preparing level "world"
[15:07:45] [Server thread/INFO]: Preparing start region for dimension minecraft:overworld
[15:07:45] [Worker-Main-1/INFO]: Preparing spawn area: 2%
[15:07:45] [Worker-Main-2/INFO]: Preparing spawn area: 2%
[15:07:46] [Worker-Main-2/INFO]: Preparing spawn area: 2%
[15:07:46] [Worker-Main-1/INFO]: Preparing spawn area: 2%
[15:07:47] [Worker-Main-2/INFO]: Preparing spawn area: 2%
[15:07:47] [Worker-Main-3/INFO]: Preparing spawn area: 18%
[15:07:48] [Worker-Main-1/INFO]: Preparing spawn area: 18%
[15:07:48] [Worker-Main-3/INFO]: Preparing spawn area: 22%
[15:07:49] [Worker-Main-1/INFO]: Preparing spawn area: 51%
[15:07:49] [Worker-Main-2/INFO]: Preparing spawn area: 51%
[15:07:50] [Server thread/INFO]: Time elapsed: 4926 ms
[15:07:50] [Server thread/INFO]: Done (10.396s)! For help, type "help"
[15:08:49] [Server thread/INFO]: Server empty for 60 seconds, pausing
[15:09:38] [Server thread/INFO]: /advancement (grant|revoke)
[15:09:38] [Server thread/INFO]: /attribute <target> <attribute> (get|base|modifier)
[15:09:38] [Server thread/INFO]: /execute (run|if|unless|as|at|store|positioned|rotated|facing|align|anchored|in|summon|on)
[15:09:38] [Server thread/INFO]: /bossbar (add|remove|list|set|get)
[15:09:38] [Server thread/INFO]: /clear [<targets>]
[15:09:38] [Server thread/INFO]: /clone (<begin>|from)
[15:09:38] [Server thread/INFO]: /damage <target> <amount> [<damageType>]
[15:09:38] [Server thread/INFO]: /data (merge|get|remove|modify)
[15:09:38] [Server thread/INFO]: /datapack (enable|disable|list)
[15:09:38] [Server thread/INFO]: /debug (start|stop|function)
[15:09:38] [Server thread/INFO]: /defaultgamemode <gamemode>
[15:09:38] [Server thread/INFO]: /difficulty [peaceful|easy|normal|hard]
[15:09:38] [Server thread/INFO]: /effect (clear|give)
[15:09:38] [Server thread/INFO]: /me <action>
[15:09:38] [Server thread/INFO]: /enchant <targets> <enchantment> [<level>]
[15:09:38] [Server thread/INFO]: /experience (add|set|query)
[15:09:38] [Server thread/INFO]: /xp -> experience
[15:09:38] [Server thread/INFO]: /fill <from> <to> <block> [replace|keep|outline|hollow|destroy]
[15:09:38] [Server thread/INFO]: /fillbiome <from> <to> <biome> [replace]
[15:09:38] [Server thread/INFO]: /forceload (add|remove|query)
[15:09:38] [Server thread/INFO]: /function <name> [<arguments>|with]
[15:09:38] [Server thread/INFO]: /gamemode <gamemode> [<target>]
[15:09:38] [Server thread/INFO]: /gamerule (announceAdvancements|blockExplosionDropDecay|commandBlockOutput|commandModificationBlockLimit|disableElytraMovementCheck|disablePlayerMovementCheck|disableRaids|doDaylightCycle|doEntityDrops|doFireTick|doImmediateRespawn|doInsomnia|doLimitedCrafting|doMobLoot|doMobSpawning|doPatrolSpawning|doTileDrops|doTraderSpawning|doVinesSpread|doWardenSpawning|doWeatherCycle|drowningDamage|enderPearlsVanishOnDeath|fallDamage|fireDamage|forgiveDeadPlayers|freezeDamage|globalSoundEvents|keepInventory|lavaSourceConversion|logAdminCommands|maxCommandChainLength|maxCommandForkCount|maxEntityCramming|mobExplosionDropDecay|mobGriefing|naturalRegeneration|playersNetherPortalCreativeDelay|playersNetherPortalDefaultDelay|playersSleepingPercentage|projectilesCanBreakBlocks|randomTickSpeed|reducedDebugInfo|sendCommandFeedback|showDeathMessages|snowAccumulationHeight|spawnChunkRadius|spawnRadius|spectatorsGenerateChunks|tntExplosionDropDecay|universalAnger|waterSourceConversion)
[15:09:38] [Server thread/INFO]: /give <targets> <item> [<count>]
[15:09:38] [Server thread/INFO]: /help [<command>]
[15:09:38] [Server thread/INFO]: /item (replace|modify)
[15:09:38] [Server thread/INFO]: /kick <targets> [<reason>]
[15:09:38] [Server thread/INFO]: /kill [<targets>]
[15:09:38] [Server thread/INFO]: /list [uuids]
[15:09:38] [Server thread/INFO]: /locate (structure|biome|poi)
[15:09:38] [Server thread/INFO]: /loot (replace|insert|give|spawn)
[15:09:38] [Server thread/INFO]: /msg <targets> <message>
[15:09:38] [Server thread/INFO]: /tell -> msg
[15:09:38] [Server thread/INFO]: /w -> msg
[15:09:38] [Server thread/INFO]: /particle <name> [<pos>]
[15:09:38] [Server thread/INFO]: /place (feature|jigsaw|structure|template)
[15:09:38] [Server thread/INFO]: /playsound <sound> [master|music|record|weather|block|hostile|neutral|player|ambient|voice]
[15:09:38] [Server thread/INFO]: /random (value|roll|reset)
[15:09:38] [Server thread/INFO]: /reload
[15:09:38] [Server thread/INFO]: /recipe (give|take)
[15:09:38] [Server thread/INFO]: /return (<value>|fail|run)
[15:09:38] [Server thread/INFO]: /ride <target> (mount|dismount)
[15:09:38] [Server thread/INFO]: /rotate <target> (<rotation>|facing)
[15:09:38] [Server thread/INFO]: /say <message>
[15:09:38] [Server thread/INFO]: /schedule (function|clear)
[15:09:38] [Server thread/INFO]: /scoreboard (objectives|players)
[15:09:38] [Server thread/INFO]: /seed
[15:09:38] [Server thread/INFO]: /setblock <pos> <block> [destroy|keep|replace]
[15:09:38] [Server thread/INFO]: /spawnpoint [<targets>]
[15:09:38] [Server thread/INFO]: /setworldspawn [<pos>]
[15:09:38] [Server thread/INFO]: /spectate [<target>]
[15:09:38] [Server thread/INFO]: /spreadplayers <center> <spreadDistance> <maxRange> (<respectTeams>|under)
[15:09:38] [Server thread/INFO]: /stopsound <targets> [*|master|music|record|weather|block|hostile|neutral|player|ambient|voice]
[15:09:38] [Server thread/INFO]: /summon <entity> [<pos>]
[15:09:38] [Server thread/INFO]: /tag <targets> (add|remove|list)
[15:09:38] [Server thread/INFO]: /team (list|add|remove|empty|join|leave|modify)
[15:09:38] [Server thread/INFO]: /teammsg <message>
[15:09:38] [Server thread/INFO]: /tm -> teammsg
[15:09:38] [Server thread/INFO]: /teleport (<location>|<destination>|<targets>)
[15:09:38] [Server thread/INFO]: /tp -> teleport
[15:09:38] [Server thread/INFO]: /tellraw <targets> <message>
[15:09:38] [Server thread/INFO]: /tick (query|rate|step|sprint|unfreeze|freeze)
[15:09:38] [Server thread/INFO]: /time (set|add|query)
[15:09:38] [Server thread/INFO]: /title <targets> (clear|reset|title|subtitle|actionbar|times)
[15:09:38] [Server thread/INFO]: /trigger <objective> [add|set]
[15:09:38] [Server thread/INFO]: /weather (clear|rain|thunder)
[15:09:38] [Server thread/INFO]: /worldborder (add|set|center|damage|get|warning)
[15:09:38] [Server thread/INFO]: /jfr (start|stop)
[15:09:38] [Server thread/INFO]: /ban-ip <target> [<reason>]
[15:09:38] [Server thread/INFO]: /banlist [ips|players]
[15:09:38] [Server thread/INFO]: /ban <targets> [<reason>]
[15:09:38] [Server thread/INFO]: /deop <targets>
[15:09:38] [Server thread/INFO]: /op <targets>
[15:09:38] [Server thread/INFO]: /pardon <targets>
[15:09:38] [Server thread/INFO]: /pardon-ip <target>
[15:09:38] [Server thread/INFO]: /perf (start|stop)
[15:09:38] [Server thread/INFO]: /save-all [flush]
[15:09:38] [Server thread/INFO]: /save-off
[15:09:38] [Server thread/INFO]: /save-on
[15:09:38] [Server thread/INFO]: /setidletimeout <minutes>
[15:09:38] [Server thread/INFO]: /stop
[15:09:38] [Server thread/INFO]: /transfer <hostname> [<port>]
[15:09:38] [Server thread/INFO]: /whitelist (on|off|list|add|remove|reload)
